<?xml version="1.0" encoding="UTF-8"?>
<!-- Generated by org.testng.reporters.JUnitReportReporter -->
<testsuite hostname="Gunit" failures="0" tests="1" name="Com.InetBanking.TestCases.TC_LoginTest_001" time="3.418" errors="0" timestamp="2022-10-11T09:27:16 IST" skipped="0">
  <testcase classname="Com.InetBanking.TestCases.TC_LoginTest_001" name="loginTest" time="3.418"/>
  <system-out/>
</testsuite> <!-- Com.InetBanking.TestCases.TC_LoginTest_001 -->
